2025-12-01 17:29:18,253 - __main__ - INFO - Starting crawler for shoppearlsandplaid
2025-12-01 17:29:18,621 - crawler - INFO - 
--- Crawling Page 1: https://www.shoppearlsandplaid.com/collections/all ---
2025-12-01 17:29:18,622 - crawler - INFO - Attempting to fetch: https://www.shoppearlsandplaid.com/collections/all
2025-12-01 17:29:21,235 - urllib3.connectionpool - DEBUG - Starting new HTTPS connection (1): www.shoppearlsandplaid.com:443
2025-12-01 17:29:22,296 - urllib3.connectionpool - DEBUG - https://www.shoppearlsandplaid.com:443 "GET /collections/all HTTP/1.1" 200 None
2025-12-01 17:29:22,463 - parser - INFO - Found 24 product cards using selector 'div.product-item'
2025-12-01 17:29:22,487 - crawler - INFO - DEBUG MODE: Limiting crawl to one page for debugging.
2025-12-01 17:29:22,488 - __main__ - INFO - Collected 24 products from shoppearlsandplaid.
2025-12-01 17:29:22,488 - __main__ - INFO - Crawl for shoppearlsandplaid completed!

2025-12-01 17:29:22,488 - __main__ - INFO - Starting crawler for hopeandstetson
2025-12-01 17:29:22,723 - crawler - INFO - 
--- Crawling Page 1: https://hopeandstetson.com/collections/all ---
2025-12-01 17:29:22,723 - crawler - INFO - Attempting to fetch: https://hopeandstetson.com/collections/all
2025-12-01 17:29:24,797 - urllib3.connectionpool - DEBUG - Starting new HTTPS connection (1): hopeandstetson.com:443
2025-12-01 17:29:25,759 - urllib3.connectionpool - DEBUG - https://hopeandstetson.com:443 "GET /collections/all HTTP/1.1" 200 None
2025-12-01 17:29:25,884 - parser - INFO - Found 24 product cards using selector 'product-card'
2025-12-01 17:29:25,901 - crawler - INFO - DEBUG MODE: Limiting crawl to one page for debugging.
2025-12-01 17:29:25,902 - __main__ - INFO - Collected 24 products from hopeandstetson.
2025-12-01 17:29:25,902 - __main__ - INFO - Crawl for hopeandstetson completed!

2025-12-01 17:29:25,907 - __main__ - INFO - All crawls completed!
